<?xml version="1.0" encoding="UTF-8"?>
<testsuite name="192.168.56.101:5555"
           tests="1"
           failures="1"
           errors="0"
           skipped="0"
           time="13.845">
  <properties />
            <testcase name="signTest" time="13.845" classname="cn.crazy.appium.testcases.LxgTest">
                <failure type="java.lang.AssertionError"
                  message="expected [true] but found [&lt;?xml version=&quot;1.0&quot; encoding=&quot;UTF-8&quot;?&gt;&lt;hierarchy rotation=&quot;0&quot;&gt;&lt;android.widget.FrameLayout index=&quot;0&quot; text=&quot;&quot; class=&quot;android.widget.FrameLayout&quot; package=&quot;com.example.lxg&quot; content-desc=&quot;&quot; checkable=&quot;false&quot; checked=&quot;false&quot; clickable=&quot;false&quot; enabled=&quot;true&quot; focusable=&quot;false&quot; focused=&quot;false&quot; scrollable=&quot;false&quot; long-clickable=&quot;false&quot; password=&quot;false&quot; selected=&quot;false&quot; bounds=&quot;[27,705][1053,1289]&quot; resource-id=&quot;&quot; instance=&quot;0&quot;&gt;&lt;android.widget.FrameLayout index=&quot;0&quot; text=&quot;&quot; class=&quot;android.widget.FrameLayout&quot; package=&quot;com.example.lxg&quot; content-desc=&quot;&quot; checkable=&quot;false&quot; checked=&quot;false&quot; clickable=&quot;false&quot; enabled=&quot;true&quot; focusable=&quot;false&quot; focused=&quot;false&quot; scrollable=&quot;false&quot; long-clickable=&quot;false&quot; password=&quot;false&quot; selected=&quot;false&quot; bounds=&quot;[27,705][1053,1289]&quot; resource-id=&quot;&quot; instance=&quot;1&quot;&gt;&lt;android.widget.FrameLayout index=&quot;0&quot; text=&quot;&quot; class=&quot;android.widget.FrameLayout&quot; package=&quot;com.example.lxg&quot; content-desc=&quot;&quot; checkable=&quot;false&quot; checked=&quot;false&quot; clickable=&quot;false&quot; enabled=&quot;true&quot; focusable=&quot;false&quot; focused=&quot;false&quot; scrollable=&quot;false&quot; long-clickable=&quot;false&quot; password=&quot;false&quot; selected=&quot;false&quot; bounds=&quot;[27,705][1053,1289]&quot; resource-id=&quot;android:id/content&quot; instance=&quot;2&quot;&gt;&lt;android.widget.LinearLayout index=&quot;0&quot; text=&quot;&quot; class=&quot;android.widget.LinearLayout&quot; package=&quot;com.example.lxg&quot; content-desc=&quot;&quot; checkable=&quot;false&quot; checked=&quot;false&quot; clickable=&quot;false&quot; enabled=&quot;true&quot; focusable=&quot;false&quot; focused=&quot;false&quot; scrollable=&quot;false&quot; long-clickable=&quot;false&quot; password=&quot;false&quot; selected=&quot;false&quot; bounds=&quot;[51,705][1029,1289]&quot; resource-id=&quot;android:id/parentPanel&quot; instance=&quot;0&quot;&gt;&lt;android.widget.LinearLayout index=&quot;0&quot; text=&quot;&quot; class=&quot;android.widget.LinearLayout&quot; package=&quot;com.example.lxg&quot; content-desc=&quot;&quot; checkable=&quot;false&quot; checked=&quot;false&quot; clickable=&quot;false&quot; enabled=&quot;true&quot; focusable=&quot;false&quot; focused=&quot;false&quot; scrollable=&quot;false&quot; long-clickable=&quot;false&quot; password=&quot;false&quot; selected=&quot;false&quot; bounds=&quot;[51,705][1029,927]&quot; resource-id=&quot;android:id/topPanel&quot; instance=&quot;1&quot;&gt;&lt;android.widget.LinearLayout index=&quot;0&quot; text=&quot;&quot; class=&quot;android.widget.LinearLayout&quot; package=&quot;com.example.lxg&quot; content-desc=&quot;&quot; checkable=&quot;false&quot; checked=&quot;false&quot; clickable=&quot;false&quot; enabled=&quot;true&quot; focusable=&quot;false&quot; focused=&quot;false&quot; scrollable=&quot;false&quot; long-clickable=&quot;false&quot; password=&quot;false&quot; selected=&quot;false&quot; bounds=&quot;[123,729][957,921]&quot; resource-id=&quot;android:id/title_template&quot; instance=&quot;2&quot;&gt;&lt;android.widget.TextView index=&quot;0&quot; text=&quot;����&quot; class=&quot;android.widget.TextView&quot; package=&quot;com.example.lxg&quot; content-desc=&quot;&quot; checkable=&quot;false&quot; checked=&quot;false&quot; clickable=&quot;false&quot; enabled=&quot;true&quot; focusable=&quot;false&quot; focused=&quot;false&quot; scrollable=&quot;false&quot; long-clickable=&quot;false&quot; password=&quot;false&quot; selected=&quot;false&quot; bounds=&quot;[123,781][957,869]&quot; resource-id=&quot;android:id/alertTitle&quot; instance=&quot;0&quot;/&gt;&lt;/android.widget.LinearLayout&gt;&lt;android.view.View index=&quot;1&quot; text=&quot;&quot; class=&quot;android.view.View&quot; package=&quot;com.example.lxg&quot; content-desc=&quot;&quot; checkable=&quot;false&quot; checked=&quot;false&quot; clickable=&quot;false&quot; enabled=&quot;true&quot; focusable=&quot;false&quot; focused=&quot;false&quot; scrollable=&quot;false&quot; long-clickable=&quot;false&quot; password=&quot;false&quot; selected=&quot;false&quot; bounds=&quot;[75,921][1005,927]&quot; resource-id=&quot;android:id/titleDivider&quot; instance=&quot;0&quot;/&gt;&lt;/android.widget.LinearLayout&gt;&lt;android.widget.LinearLayout index=&quot;1&quot; text=&quot;&quot; class=&quot;android.widget.LinearLayout&quot; package=&quot;com.example.lxg&quot; content-desc=&quot;&quot; checkable=&quot;false&quot; checked=&quot;false&quot; clickable=&quot;false&quot; enabled=&quot;true&quot; focusable=&quot;false&quot; focused=&quot;false&quot; scrollable=&quot;false&quot; long-clickable=&quot;false&quot; password=&quot;false&quot; selected=&quot;false&quot; bounds=&quot;[51,927][1029,1119]&quot; resource-id=&quot;android:id/contentPanel&quot; instance=&quot;3&quot;&gt;&lt;android.widget.ScrollView index=&quot;0&quot; text=&quot;&quot; class=&quot;android.widget.ScrollView&quot; package=&quot;com.example.lxg&quot; content-desc=&quot;&quot; checkable=&quot;false&quot; checked=&quot;false&quot; clickable=&quot;false&quot; enabled=&quot;true&quot; focusable=&quot;false&quot; focused=&quot;false&quot; scrollable=&quot;false&quot; long-clickable=&quot;false&quot; password=&quot;false&quot; selected=&quot;false&quot; bounds=&quot;[75,927][1005,1048]&quot; resource-id=&quot;android:id/scrollView&quot; instance=&quot;0&quot;&gt;&lt;android.widget.TextView index=&quot;0&quot; text=&quot;ǩ���ɹ�&quot; class=&quot;android.widget.TextView&quot; package=&quot;com.example.lxg&quot; content-desc=&quot;&quot; checkable=&quot;false&quot; checked=&quot;false&quot; clickable=&quot;false&quot; enabled=&quot;true&quot; focusable=&quot;false&quot; focused=&quot;false&quot; scrollable=&quot;false&quot; long-clickable=&quot;false&quot; password=&quot;false&quot; selected=&quot;false&quot; bounds=&quot;[75,927][1005,1048]&quot; resource-id=&quot;android:id/message&quot; instance=&quot;1&quot;/&gt;&lt;/android.widget.ScrollView&gt;&lt;/android.widget.LinearLayout&gt;&lt;android.widget.LinearLayout index=&quot;2&quot; text=&quot;&quot; class=&quot;android.widget.LinearLayout&quot; package=&quot;com.example.lxg&quot; content-desc=&quot;&quot; checkable=&quot;false&quot; checked=&quot;false&quot; clickable=&quot;false&quot; enabled=&quot;true&quot; focusable=&quot;false&quot; focused=&quot;false&quot; scrollable=&quot;false&quot; long-clickable=&quot;false&quot; password=&quot;false&quot; selected=&quot;false&quot; bounds=&quot;[51,1119][1029,1289]&quot; resource-id=&quot;android:id/buttonPanel&quot; instance=&quot;4&quot;&gt;&lt;android.widget.LinearLayout index=&quot;0&quot; text=&quot;&quot; class=&quot;android.widget.LinearLayout&quot; package=&quot;com.example.lxg&quot; content-desc=&quot;&quot; checkable=&quot;false&quot; checked=&quot;false&quot; clickable=&quot;false&quot; enabled=&quot;true&quot; focusable=&quot;false&quot; focused=&quot;false&quot; scrollable=&quot;false&quot; long-clickable=&quot;false&quot; password=&quot;false&quot; selected=&quot;false&quot; bounds=&quot;[75,1121][1005,1265]&quot; resource-id=&quot;&quot; instance=&quot;5&quot;&gt;&lt;android.widget.Button index=&quot;0&quot; text=&quot;ȷ��&quot; class=&quot;android.widget.Button&quot; package=&quot;com.example.lxg&quot; content-desc=&quot;&quot; checkable=&quot;false&quot; checked=&quot;false&quot; clickable=&quot;true&quot; enabled=&quot;true&quot; focusable=&quot;true&quot; focused=&quot;false&quot; scrollable=&quot;false&quot; long-clickable=&quot;false&quot; password=&quot;false&quot; selected=&quot;false&quot; bounds=&quot;[75,1121][1005,1265]&quot; resource-id=&quot;android:id/button1&quot; instance=&quot;0&quot;/&gt;&lt;/android.widget.LinearLayout&gt;&lt;/android.widget.LinearLayout&gt;&lt;/android.widget.LinearLayout&gt;&lt;/android.widget.FrameLayout&gt;&lt;/android.widget.FrameLayout&gt;&lt;/android.widget.FrameLayout&gt;&lt;/hierarchy&gt;签到成功]"
              >
<![CDATA[java.lang.AssertionError: expected [true] but found [<?xml version="1.0" encoding="UTF-8"?><hierarchy rotation="0"><android.widget.FrameLayout index="0" text="" class="android.widget.FrameLayout" package="com.example.lxg" content-desc="" checkable="false" checked="false" clickable="false" enabled="true" focusable="false" focused="false" scrollable="false" long-clickable="false" password="false" selected="false" bounds="[27,705][1053,1289]" resource-id="" instance="0"><android.widget.FrameLayout index="0" text="" class="android.widget.FrameLayout" package="com.example.lxg" content-desc="" checkable="false" checked="false" clickable="false" enabled="true" focusable="false" focused="false" scrollable="false" long-clickable="false" password="false" selected="false" bounds="[27,705][1053,1289]" resource-id="" instance="1"><android.widget.FrameLayout index="0" text="" class="android.widget.FrameLayout" package="com.example.lxg" content-desc="" checkable="false" checked="false" clickable="false" enabled="true" focusable="false" focused="false" scrollable="false" long-clickable="false" password="false" selected="false" bounds="[27,705][1053,1289]" resource-id="android:id/content" instance="2"><android.widget.LinearLayout index="0" text="" class="android.widget.LinearLayout" package="com.example.lxg" content-desc="" checkable="false" checked="false" clickable="false" enabled="true" focusable="false" focused="false" scrollable="false" long-clickable="false" password="false" selected="false" bounds="[51,705][1029,1289]" resource-id="android:id/parentPanel" instance="0"><android.widget.LinearLayout index="0" text="" class="android.widget.LinearLayout" package="com.example.lxg" content-desc="" checkable="false" checked="false" clickable="false" enabled="true" focusable="false" focused="false" scrollable="false" long-clickable="false" password="false" selected="false" bounds="[51,705][1029,927]" resource-id="android:id/topPanel" instance="1"><android.widget.LinearLayout index="0" text="" class="android.widget.LinearLayout" package="com.example.lxg" content-desc="" checkable="false" checked="false" clickable="false" enabled="true" focusable="false" focused="false" scrollable="false" long-clickable="false" password="false" selected="false" bounds="[123,729][957,921]" resource-id="android:id/title_template" instance="2"><android.widget.TextView index="0" text="����" class="android.widget.TextView" package="com.example.lxg" content-desc="" checkable="false" checked="false" clickable="false" enabled="true" focusable="false" focused="false" scrollable="false" long-clickable="false" password="false" selected="false" bounds="[123,781][957,869]" resource-id="android:id/alertTitle" instance="0"/></android.widget.LinearLayout><android.view.View index="1" text="" class="android.view.View" package="com.example.lxg" content-desc="" checkable="false" checked="false" clickable="false" enabled="true" focusable="false" focused="false" scrollable="false" long-clickable="false" password="false" selected="false" bounds="[75,921][1005,927]" resource-id="android:id/titleDivider" instance="0"/></android.widget.LinearLayout><android.widget.LinearLayout index="1" text="" class="android.widget.LinearLayout" package="com.example.lxg" content-desc="" checkable="false" checked="false" clickable="false" enabled="true" focusable="false" focused="false" scrollable="false" long-clickable="false" password="false" selected="false" bounds="[51,927][1029,1119]" resource-id="android:id/contentPanel" instance="3"><android.widget.ScrollView index="0" text="" class="android.widget.ScrollView" package="com.example.lxg" content-desc="" checkable="false" checked="false" clickable="false" enabled="true" focusable="false" focused="false" scrollable="false" long-clickable="false" password="false" selected="false" bounds="[75,927][1005,1048]" resource-id="android:id/scrollView" instance="0"><android.widget.TextView index="0" text="ǩ���ɹ�" class="android.widget.TextView" package="com.example.lxg" content-desc="" checkable="false" checked="false" clickable="false" enabled="true" focusable="false" focused="false" scrollable="false" long-clickable="false" password="false" selected="false" bounds="[75,927][1005,1048]" resource-id="android:id/message" instance="1"/></android.widget.ScrollView></android.widget.LinearLayout><android.widget.LinearLayout index="2" text="" class="android.widget.LinearLayout" package="com.example.lxg" content-desc="" checkable="false" checked="false" clickable="false" enabled="true" focusable="false" focused="false" scrollable="false" long-clickable="false" password="false" selected="false" bounds="[51,1119][1029,1289]" resource-id="android:id/buttonPanel" instance="4"><android.widget.LinearLayout index="0" text="" class="android.widget.LinearLayout" package="com.example.lxg" content-desc="" checkable="false" checked="false" clickable="false" enabled="true" focusable="false" focused="false" scrollable="false" long-clickable="false" password="false" selected="false" bounds="[75,1121][1005,1265]" resource-id="" instance="5"><android.widget.Button index="0" text="ȷ��" class="android.widget.Button" package="com.example.lxg" content-desc="" checkable="false" checked="false" clickable="true" enabled="true" focusable="true" focused="false" scrollable="false" long-clickable="false" password="false" selected="false" bounds="[75,1121][1005,1265]" resource-id="android:id/button1" instance="0"/></android.widget.LinearLayout></android.widget.LinearLayout></android.widget.LinearLayout></android.widget.FrameLayout></android.widget.FrameLayout></android.widget.FrameLayout></hierarchy>签到成功]
  org.testng.Assert.fail(Assert.java:94)
  org.testng.Assert.failNotEquals(Assert.java:494)
  org.testng.Assert.assertEquals(Assert.java:123)
  org.testng.Assert.assertEquals(Assert.java:165)
  cn.crazy.appium.testcases.LxgTest.signTest(LxgTest.java:18)
  sun.reflect.NativeMethodAccessorImpl.invoke0(Native Method)
  sun.reflect.NativeMethodAccessorImpl.invoke(NativeMethodAccessorImpl.java:62)
  sun.reflect.DelegatingMethodAccessorImpl.invoke(DelegatingMethodAccessorImpl.java:43)
  java.lang.reflect.Method.invoke(Method.java:483)
  org.testng.internal.MethodInvocationHelper.invokeMethod(MethodInvocationHelper.java:85)
  org.testng.internal.Invoker.invokeMethod(Invoker.java:696)
  org.testng.internal.Invoker.invokeTestMethod(Invoker.java:882)
  org.testng.internal.Invoker.invokeTestMethods(Invoker.java:1189)
  org.testng.internal.TestMethodWorker.invokeTestMethods(TestMethodWorker.java:124)
  org.testng.internal.TestMethodWorker.run(TestMethodWorker.java:108)
  org.testng.TestRunner.privateRun(TestRunner.java:767)
  org.testng.TestRunner.run(TestRunner.java:617)
  org.testng.SuiteRunner.runTest(SuiteRunner.java:348)
  org.testng.SuiteRunner.access$000(SuiteRunner.java:38)
  org.testng.SuiteRunner$SuiteWorker.run(SuiteRunner.java:382)
  org.testng.internal.thread.ThreadUtil$2.call(ThreadUtil.java:64)
  java.util.concurrent.FutureTask.run(FutureTask.java:266)
  java.util.concurrent.ThreadPoolExecutor.runWorker(ThreadPoolExecutor.java:1142)
  java.util.concurrent.ThreadPoolExecutor$Worker.run(ThreadPoolExecutor.java:617)
  java.lang.Thread.run(Thread.java:745)
]]>
      </failure>

          </testcase>
  
  
  
</testsuite>
