<?xml version="1.0" encoding="UTF-8"?>
<testsuite name="192.168.56.101:5555"
           tests="1"
           failures="1"
           errors="0"
           skipped="0"
           time="0.153">
  <properties />
            <testcase name="login" time="0.153" classname="cn.crazy.appium.network.study.Study4">
                <failure type="org.openqa.selenium.interactions.InvalidCoordinatesException"
                  message="The coordinates provided to an interactions operation are invalid. (WARNING: The server did not provide any stacktrace information)
Command duration or timeout: 141 milliseconds
Build info: version: &apos;2.53.0&apos;, revision: &apos;35ae25b1534ae328c771e0856c93e187490ca824&apos;, time: &apos;2016-03-15 10:43:46&apos;
System info: host: &apos;lixionggang-PC&apos;, ip: &apos;192.168.56.1&apos;, os.name: &apos;Windows 7&apos;, os.arch: &apos;amd64&apos;, os.version: &apos;6.1&apos;, java.version: &apos;1.8.0_40-ea&apos;
Driver info: cn.crazy.appium.base.AndroidDriverBase
Capabilities [{appPackage=com.zhihu.android, networkConnectionEnabled=true, noSign=true, warnings={}, databaseEnabled=false, deviceName=192.168.56.101:5555, platform=LINUX, appActivity=com.zhihu.android.ui.activity.GuideActivity, desired={appPackage=com.zhihu.android, appActivity=com.zhihu.android.ui.activity.GuideActivity, noSign=true, newCommandTimeout=600, unicodeKeyboard=true, udid=192.168.56.101:5555, platformName=Android, deviceName=devicename, resetKeyboard=true}, newCommandTimeout=600, platformVersion=4.4.4, webStorageEnabled=false, locationContextEnabled=false, browserName=Android, takesScreenshot=true, javascriptEnabled=true, unicodeKeyboard=true, udid=192.168.56.101:5555, platformName=Android, resetKeyboard=true}]
Session ID: ebca1512-72d3-448b-b071-e987faed9728"
              >
<![CDATA[org.openqa.selenium.interactions.InvalidCoordinatesException: The coordinates provided to an interactions operation are invalid. (WARNING: The server did not provide any stacktrace information)
Command duration or timeout: 141 milliseconds
Build info: version: '2.53.0', revision: '35ae25b1534ae328c771e0856c93e187490ca824', time: '2016-03-15 10:43:46'
System info: host: 'lixionggang-PC', ip: '192.168.56.1', os.name: 'Windows 7', os.arch: 'amd64', os.version: '6.1', java.version: '1.8.0_40-ea'
Driver info: cn.crazy.appium.base.AndroidDriverBase
Capabilities [{appPackage=com.zhihu.android, networkConnectionEnabled=true, noSign=true, warnings={}, databaseEnabled=false, deviceName=192.168.56.101:5555, platform=LINUX, appActivity=com.zhihu.android.ui.activity.GuideActivity, desired={appPackage=com.zhihu.android, appActivity=com.zhihu.android.ui.activity.GuideActivity, noSign=true, newCommandTimeout=600, unicodeKeyboard=true, udid=192.168.56.101:5555, platformName=Android, deviceName=devicename, resetKeyboard=true}, newCommandTimeout=600, platformVersion=4.4.4, webStorageEnabled=false, locationContextEnabled=false, browserName=Android, takesScreenshot=true, javascriptEnabled=true, unicodeKeyboard=true, udid=192.168.56.101:5555, platformName=Android, resetKeyboard=true}]
Session ID: ebca1512-72d3-448b-b071-e987faed9728
  sun.reflect.NativeConstructorAccessorImpl.newInstance0(Native Method)
  sun.reflect.NativeConstructorAccessorImpl.newInstance(NativeConstructorAccessorImpl.java:62)
  sun.reflect.DelegatingConstructorAccessorImpl.newInstance(DelegatingConstructorAccessorImpl.java:45)
  java.lang.reflect.Constructor.newInstance(Constructor.java:408)
  org.openqa.selenium.remote.ErrorHandler.createThrowable(ErrorHandler.java:206)
  org.openqa.selenium.remote.ErrorHandler.throwIfResponseFailed(ErrorHandler.java:164)
  org.openqa.selenium.remote.RemoteWebDriver.execute(RemoteWebDriver.java:678)
  io.appium.java_client.DefaultGenericMobileDriver.execute(DefaultGenericMobileDriver.java:43)
  io.appium.java_client.AppiumDriver.execute(AppiumDriver.java:1)
  io.appium.java_client.android.AndroidDriver.execute(AndroidDriver.java:1)
  cn.crazy.appium.base.AndroidDriverBase.execute(AndroidDriverBase.java:1)
  io.appium.java_client.AppiumDriver.performTouchAction(AppiumDriver.java:316)
  io.appium.java_client.TouchAction.perform(TouchAction.java:318)
  cn.crazy.appium.network.study.Study4.login(Study4.java:41)
  sun.reflect.NativeMethodAccessorImpl.invoke0(Native Method)
  sun.reflect.NativeMethodAccessorImpl.invoke(NativeMethodAccessorImpl.java:62)
  sun.reflect.DelegatingMethodAccessorImpl.invoke(DelegatingMethodAccessorImpl.java:43)
  java.lang.reflect.Method.invoke(Method.java:483)
  org.testng.internal.MethodInvocationHelper.invokeMethod(MethodInvocationHelper.java:84)
  org.testng.internal.Invoker.invokeMethod(Invoker.java:714)
  org.testng.internal.Invoker.invokeTestMethod(Invoker.java:901)
  org.testng.internal.Invoker.invokeTestMethods(Invoker.java:1231)
  org.testng.internal.TestMethodWorker.invokeTestMethods(TestMethodWorker.java:127)
  org.testng.internal.TestMethodWorker.run(TestMethodWorker.java:111)
  org.testng.TestRunner.privateRun(TestRunner.java:767)
  org.testng.TestRunner.run(TestRunner.java:617)
  org.testng.SuiteRunner.runTest(SuiteRunner.java:334)
  org.testng.SuiteRunner.access$000(SuiteRunner.java:37)
  org.testng.SuiteRunner$SuiteWorker.run(SuiteRunner.java:368)
  org.testng.internal.thread.ThreadUtil$2.call(ThreadUtil.java:64)
  java.util.concurrent.FutureTask.run(FutureTask.java:266)
  java.util.concurrent.ThreadPoolExecutor.runWorker(ThreadPoolExecutor.java:1142)
  java.util.concurrent.ThreadPoolExecutor$Worker.run(ThreadPoolExecutor.java:617)
  java.lang.Thread.run(Thread.java:745)
]]>
      </failure>

          </testcase>
  
  
  
</testsuite>
